<?xml version="1.0" encoding="UTF-8"?>
<testsuite name="language.learn.quiz.game.CSV.CSVFileWithRecords.CSVFileWithRecordsTest" tests="1" skipped="0" failures="0" errors="0" timestamp="2021-07-10T09:36:04" hostname="DESKTOP-UEH25FL" time="0.021">
  <properties/>
  <testcase name="makeRecord()" classname="language.learn.quiz.game.CSV.CSVFileWithRecords.CSVFileWithRecordsTest" time="0.021"/>
  <system-out><![CDATA[file:/E:/Denis/Documents/DZ/Progmeistars/7JAVA/14)02.05.21/Task/LearnQuizGUI/build/classes/java/test/
]]></system-out>
  <system-err><![CDATA[]]></system-err>
</testsuite>
